237;4.093
248;4.095
259;4.094
270;4.086
281;4.084
292;4.077
303;4.084
314;4.073
325;4.086
336;4.075
347;4.073
358;4.075
369;4.075
381;4.068
392;4.062
403;4.064
414;4.066
425;4.060
436;4.060
447;4.060
458;4.062
469;4.051
480;4.054
491;4.053
502;4.051
513;4.054
524;4.046
535;4.055
546;4.044
557;4.051
568;4.042
579;4.050
590;4.044
601;4.046
612;4.040
623;4.042
634;4.038
645;4.033
656;4.038
667;4.038
678;4.038
689;4.033
700;4.035
711;4.031
722;4.033
733;4.031
744;4.031
755;4.024
766;4.024
777;4.024
788;4.024
799;4.024
810;4.024
821;4.024
832;4.029
843;4.020
854;4.022
865;4.016
876;4.013
887;4.016
898;4.013
909;4.012
920;4.013
931;4.022
942;4.011
953;4.013
964;4.009
975;4.007
986;4.011
997;4.007
1008;4.007
1019;4.006
1030;3.996
1041;4.007
1052;3.987
1063;4.009
1074;4.002
1085;4.002
1096;3.998
1107;3.996
1118;3.998
1129;3.998
1140;3.998
1151;3.996
1162;3.998
1173;3.994
1184;3.989
1195;3.991
1206;3.991
1217;3.989
1228;3.989
1239;3.989
1250;3.994
1261;3.996
1272;3.985
1283;3.985
1294;3.983
1306;3.980
1317;3.988
1328;3.976
1339;3.980
1350;3.984
1361;3.980
1372;3.974
1383;3.972
1394;3.976
1405;3.978
1416;3.978
1427;3.969
1438;3.972
1449;3.970
1460;3.975
1471;3.974
1482;3.967
1493;3.970
1504;3.969
1515;3.970
1526;3.972
1537;3.963
1548;3.966
1559;3.967
1570;3.945
1581;3.967
1592;3.963
1603;3.963
1614;3.963
1625;3.961
1636;3.958
1647;3.963
1658;3.958
1669;3.962
1680;3.954
1691;3.961
1702;3.958
1713;3.954
1724;3.963
1735;3.945
1746;3.950
1757;3.950
1768;3.954
1779;3.941
1790;3.943
1801;3.932
1812;3.934
1823;3.939
1834;3.934
1845;3.928
1856;3.925
1867;3.923
1878;3.925
1889;3.928
1900;3.932
1911;3.925
1922;3.931
1933;3.921
1944;3.921
1955;3.921
1966;3.904
1977;3.914
1988;3.918
1999;3.906
2010;3.923
2021;3.932
2032;3.922
2043;3.921
2054;3.925
2065;3.917
2076;3.918
2087;3.919
2098;3.919
2109;3.917
2120;3.910
2131;3.919
2142;3.897
2153;3.913
2164;3.914
2175;3.910
2186;3.914
2197;3.913
2208;3.906
2219;3.910
2231;3.906
2242;3.903
2253;3.910
2264;3.901
2275;3.903
2286;3.898
2297;3.906
2308;3.899
2319;3.899
2330;3.875
2341;3.901
2352;3.899
2363;3.897
2374;3.892
2385;3.875
2396;3.888
2407;3.888
2418;3.882
2429;3.888
2440;3.875
2451;3.875
2462;3.883
2473;3.878
2484;3.874
2495;3.853
2506;3.872
2517;3.879
2528;3.872
2539;3.879
2550;3.872
2561;3.882
2572;3.875
2583;3.875
2594;3.879
2605;3.883
2616;3.875
2627;3.883
2638;3.868
2649;3.878
2660;3.875
2671;3.872
2682;3.875
2693;3.872
2704;3.868
2715;3.870
2726;3.875
2737;3.868
2748;3.869
2759;3.870
2770;3.870
2781;3.864
2792;3.864
2803;3.864
2814;3.860
2825;3.866
2836;3.861
2847;3.864
2858;3.859
2869;3.864
2880;3.859
2891;3.853
2902;3.853
2913;3.846
2924;3.848
2935;3.846
2946;3.846
2957;3.848
2968;3.839
2979;3.839
2990;3.839
3001;3.835
3012;3.838
3023;3.837
3034;3.835
3045;3.839
3056;3.836
3067;3.838
3078;3.833
3089;3.831
3100;3.830
3111;3.837
3122;3.813
3133;3.830
3145;3.830
3156;3.822
3167;3.844
3178;3.838
3189;3.844
3200;3.835
3211;3.833
3222;3.835
3233;3.813
3244;3.831
3255;3.831
3266;3.831
3277;3.828
3288;3.831
3299;3.835
3310;3.826
3321;3.828
3332;3.847
3343;3.822
3354;3.822
3365;3.822
3376;3.825
3387;3.830
3398;3.826
3409;3.820
3420;3.817
3431;3.824
3442;3.826
3453;3.815
3464;3.817
3475;3.816
3486;3.817
3497;3.804
3508;3.804
3519;3.804
3530;3.804
3541;3.804
3552;3.803
3563;3.795
3574;3.798
3585;3.799
3596;3.800
3607;3.793
3618;3.791
3629;3.803
3640;3.791
3651;3.795
3662;3.791
3673;3.791
3684;3.793
3695;3.787
3706;3.795
3717;3.787
3728;3.781
3739;3.800
3750;3.802
3761;3.803
3772;3.795
3783;3.800
3794;3.800
3805;3.793
3816;3.798
3827;3.798
3838;3.804
3849;3.795
3860;3.785
3871;3.787
3882;3.791
3893;3.795
3904;3.784
3915;3.784
3926;3.780
3937;3.789
3948;3.787
3959;3.785
3970;3.778
3981;3.782
3992;3.778
4003;3.773
4014;3.778
4025;3.765
4036;3.767
4047;3.760
4059;3.760
4070;3.760
4081;3.769
4092;3.767
4103;3.762
4114;3.760
4125;3.756
4136;3.760
4147;3.756
4158;3.756
4169;3.759
4180;3.751
4191;3.758
4202;3.751
4213;3.751
4224;3.750
4235;3.755
4246;3.760
4257;3.760
4268;3.760
4279;3.760
4290;3.763
4301;3.758
4312;3.758
4323;3.756
4334;3.760
4345;3.751
4356;3.756
4367;3.758
4378;3.751
4389;3.754
4400;3.751
4411;3.743
4422;3.760
4433;3.751
4444;3.750
4455;3.727
4466;3.746
4477;3.747
4488;3.729
4499;3.747
4510;3.743
4521;3.734
4532;3.743
4543;3.734
4554;3.734
4565;3.729
4576;3.734
4587;3.727
4598;3.732
4609;3.734
4620;3.730
4631;3.728
4642;3.723
4653;3.723
4664;3.724
4675;3.723
4686;3.721
4697;3.725
4708;3.716
4719;3.721
4730;3.734
4741;3.727
4752;3.727
4763;3.729
4774;3.725
4785;3.728
4796;3.728
4807;3.723
4818;3.729
4829;3.725
4840;3.725
4851;3.728
4862;3.716
4873;3.721
4884;3.716
4895;3.725
4906;3.716
4917;3.721
4928;3.718
4939;3.723
4950;3.716
4961;3.714
4972;3.716
4984;3.712
4995;3.712
5006;3.705
5017;3.705
5028;3.685
5039;3.696
5050;3.657
5061;3.707
5072;3.699
5083;3.703
5094;3.702
5105;3.703
5116;3.699
5127;3.694
5138;3.697
5149;3.695
5160;3.694
5171;3.701
5182;3.696
5193;3.699
5204;3.699
5215;3.699
5226;3.689
5237;3.692
5248;3.699
5259;3.692
5270;3.689
5281;3.687
5292;3.699
5303;3.703
5314;3.697
5325;3.696
5336;3.697
5347;3.694
5358;3.699
5369;3.696
5380;3.694
5391;3.696
5402;3.693
5413;3.690
5424;3.692
5435;3.692
5446;3.692
5457;3.690
5468;3.692
5479;3.692
5490;3.694
5501;3.692
5512;3.694
5523;3.687
5534;3.693
5545;3.687
5556;3.685
5567;3.670
5578;3.692
5589;3.690
5600;3.681
5611;3.689
5622;3.679
5633;3.672
5644;3.672
5655;3.674
5666;3.672
5677;3.675
5688;3.670
5699;3.672
5710;3.670
5721;3.670
5732;3.663
5743;3.676
5754;3.671
5765;3.672
5776;3.676
5787;3.663
5798;3.650
5809;3.663
5820;3.671
5831;3.674
5842;3.668
5853;3.662
5864;3.674
5875;3.672
5886;3.674
5898;3.681
5909;3.675
5920;3.671
5931;3.672
5942;3.675
5953;3.672
5964;3.668
5975;3.671
5986;3.672
5997;3.680
6008;3.668
6019;3.674
6030;3.672
6041;3.670
6052;3.670
6063;3.671
6074;3.672
6085;3.672
6096;3.672
6107;3.663
6118;3.668
6129;3.652
6140;3.678
6151;3.671
6162;3.658
6173;3.661
6184;3.652
6195;3.657
6206;3.659
6217;3.657
6228;3.654
6239;3.659
6250;3.663
6261;3.652
6272;3.659
6283;3.657
6294;3.649
6305;3.653
6316;3.654
6327;3.651
6338;3.653
6349;3.661
6360;3.652
6371;3.649
6382;3.654
6393;3.650
6404;3.650
6415;3.652
6426;3.658
6437;3.668
6448;3.662
6459;3.663
6470;3.672
6481;3.668
6492;3.662
6503;3.663
6514;3.659
6525;3.659
6536;3.661
6547;3.663
6558;3.663
6569;3.659
6580;3.663
6591;3.668
6602;3.663
6613;3.650
6624;3.648
6635;3.646
6646;3.649
6657;3.649
6668;3.653
6679;3.648
6690;3.648
6701;3.646
6712;3.648
6723;3.650
6734;3.649
6745;3.646
6756;3.646
6767;3.657
6778;3.649
6789;3.650
6800;3.646
6811;3.646
6823;3.646
6834;3.643
6845;3.649
6856;3.646
6867;3.641
6878;3.641
6889;3.649
6900;3.643
6911;3.648
6922;3.643
6933;3.646
6944;3.663
6955;3.654
6966;3.657
6977;3.663
6988;3.654
6999;3.654
7010;3.657
7021;3.662
7032;3.657
7043;3.654
7054;3.659
7065;3.653
7076;3.650
7087;3.657
7098;3.646
7109;3.663
7120;3.654
7131;3.654
7142;3.654
7153;3.651
7164;3.659
7175;3.653
7186;3.654
7197;3.653
7208;3.653
7219;3.650
7230;3.650
7241;3.659
7252;3.646
7263;3.635
7274;3.637
7285;3.635
7296;3.641
7307;3.639
7318;3.643
7329;3.639
7340;3.641
7351;3.641
7362;3.639
7373;3.631
7384;3.641
7395;3.637
7406;3.646
7417;3.646
7428;3.646
7439;3.650
7450;3.643
7461;3.646
7472;3.650
7483;3.646
7494;3.646
7505;3.643
7516;3.646
7527;3.648
7538;3.641
7549;3.641
7560;3.646
7571;3.648
7582;3.641
7593;3.635
7604;3.646
7615;3.645
7626;3.645
7637;3.639
7648;3.643
7659;3.641
7670;3.637
7681;3.646
7692;3.609
7703;3.639
7714;3.643
7725;3.632
7737;3.628
7748;3.626
7759;3.624
7770;3.624
7781;3.628
7792;3.624
7803;3.621
7814;3.608
7825;3.623
7836;3.619
7847;3.626
7858;3.617
7869;3.619
7880;3.621
7891;3.613
7902;3.617
7913;3.613
7924;3.617
7935;3.617
7946;3.610
7957;3.610
7968;3.618
7979;3.623
7990;3.626
8001;3.624
8012;3.628
8023;3.623
8034;3.621
8045;3.617
8056;3.619
8067;3.617
8078;3.615
8089;3.618
8100;3.610
8111;3.608
8122;3.610
8133;3.619
8144;3.608
8155;3.605
8166;3.606
8177;3.605
8188;3.614
8199;3.599
8210;3.602
8221;3.610
8232;3.602
8243;3.584
8254;3.584
8265;3.588
8276;3.583
8287;3.584
8298;3.583
8309;3.584
8320;3.584
8331;3.583
8342;3.582
8353;3.580
8364;3.575
8375;3.580
8386;3.575
8397;3.572
8408;3.574
8419;3.584
8430;3.581
8441;3.583
8452;3.580
8463;3.597
8474;3.578
8485;3.580
8496;3.577
8507;3.570
8518;3.575
8529;3.569
8540;3.571
8551;3.571
8562;3.573
8573;3.561
8584;3.566
8595;3.566
8606;3.562
8617;3.558
8628;3.549
8639;3.558
8650;3.562
8662;3.542
8673;3.536
8684;3.547
8695;3.540
8706;3.540
8717;3.536
8728;3.540
8739;3.540
8750;3.536
8761;3.533
8772;3.529
8783;3.531
8794;3.529
8805;3.527
8816;3.533
8827;3.527
8838;3.522
8849;3.518
8860;3.522
8871;3.529
8882;3.522
8893;3.518
8904;3.516
8915;3.511
8926;3.529
8937;3.518
8948;3.527
8959;3.522
8970;3.520
8981;3.518
8992;3.516
9003;3.518
9014;3.518
9025;3.514
9036;3.514
9047;3.514
9058;3.511
9069;3.508
9080;3.508
9091;3.508
9102;3.512
9113;3.499
9124;3.494
9135;3.492
9146;3.485
9157;3.490
9168;3.484
9179;3.485
9190;3.486
9201;3.485
9212;3.476
9223;3.477
9234;3.490
9245;3.492
9256;3.495
9267;3.487
9278;3.490
9289;3.487
9300;3.483
9311;3.487
9322;3.482
9333;3.478
9344;3.485
9355;3.476
9366;3.485
9377;3.474
9388;3.469
9399;3.469
9410;3.478
9421;3.474
9432;3.458
9443;3.455
9454;3.465
9465;3.452
9476;3.458
9487;3.461
9498;3.456
9509;3.447
9520;3.450
9531;3.461
9542;3.447
9553;3.443
9564;3.443
9575;3.443
9587;3.441
9598;3.443
9609;3.443
9620;3.438
9631;3.439
9642;3.433
9653;3.430
9664;3.432
9675;3.436
9686;3.433
9697;3.428
9708;3.434
9719;3.430
9730;3.428
9741;3.442
9752;3.432
9763;3.441
9774;3.443
9785;3.434
9796;3.424
9807;3.421
9818;3.425
9829;3.425
9840;3.428
9851;3.417
9862;3.422
9873;3.414
9884;3.420
9895;3.417
9906;3.422
9917;3.421
9928;3.417
9939;3.414
9950;3.417
9961;3.416
9972;3.399
9983;3.414
9994;3.406
10005;3.399
10016;3.390
10027;3.390
10038;3.390
10049;3.390
10060;3.390
10071;3.390
10082;3.390
10093;3.379
10104;3.381
10115;3.388
10126;3.386
10137;3.386
10148;3.380
10159;3.371
10170;3.375
10181;3.373
10192;3.364
10203;3.349
10214;3.329
10225;3.359
10236;3.362
10247;3.366
10258;3.359
10269;3.355
10280;3.353
10291;3.351
10302;3.342
10313;3.353
10324;3.344
10335;3.364
10346;3.364
10357;3.364
10368;3.359
10379;3.359
10390;3.355
10401;3.364
10412;3.355
10423;3.358
10434;3.351
10445;3.346
10456;3.357
10467;3.345
10478;3.351
10489;3.346
10501;3.337
10512;3.341
10523;3.334
10534;3.324
10545;3.346
10556;3.273
10567;3.276
10578;3.280
10589;3.254
10600;3.248
10611;3.288
10622;3.280
10633;3.287
10644;3.276
10655;3.273
10666;3.273
10677;3.261
10688;3.262
10699;3.267
10710;3.258
10721;3.254
10732;3.247
10743;3.240
10754;3.234
10765;3.232
10776;3.222
10787;3.223
10798;3.210
10809;3.202
10820;3.205
10831;3.192
10842;3.178
10853;3.174
10864;3.168
10875;3.170
10886;3.137
10897;3.126
10908;3.113
10919;3.100
10930;3.089
10941;3.081
10952;3.064
10963;3.038
10974;3.038
10985;3.003
10996;2.915
11007;2.963
11018;2.940
11029;2.919
11040;2.882
11051;2.829
